0 info it worked if it ends with ok
1 verbose cli [ '/usr/bin/node',
1 verbose cli   '/usr/bin/npm',
1 verbose cli   'install',
1 verbose cli   '--global',
1 verbose cli   'gulp-cli' ]
2 info using npm@2.15.9
3 info using node@v4.5.0
4 verbose install initial load of /usr/lib/package.json
5 verbose readDependencies loading dependencies from /usr/lib/package.json
6 silly cache add args [ 'gulp-cli', null ]
7 verbose cache add spec gulp-cli
8 silly cache add parsed spec Result {
8 silly cache add   raw: 'gulp-cli',
8 silly cache add   scope: null,
8 silly cache add   name: 'gulp-cli',
8 silly cache add   rawSpec: '',
8 silly cache add   spec: 'latest',
8 silly cache add   type: 'tag' }
9 silly addNamed gulp-cli@latest
10 verbose addNamed "latest" is being treated as a dist-tag for gulp-cli
11 info addNameTag [ 'gulp-cli', 'latest' ]
12 silly mapToRegistry name gulp-cli
13 silly mapToRegistry using default registry
14 silly mapToRegistry registry https://registry.npmjs.org/
15 silly mapToRegistry data Result {
15 silly mapToRegistry   raw: 'gulp-cli',
15 silly mapToRegistry   scope: null,
15 silly mapToRegistry   name: 'gulp-cli',
15 silly mapToRegistry   rawSpec: '',
15 silly mapToRegistry   spec: 'latest',
15 silly mapToRegistry   type: 'tag' }
16 silly mapToRegistry uri https://registry.npmjs.org/gulp-cli
17 verbose addNameTag registry:https://registry.npmjs.org/gulp-cli not in flight; fetching
18 verbose request uri https://registry.npmjs.org/gulp-cli
19 verbose request no auth needed
20 info attempt registry request try #1 at 23:23:16
21 verbose request id 9fd26406cd213223
22 http request GET https://registry.npmjs.org/gulp-cli
23 http 200 https://registry.npmjs.org/gulp-cli
24 verbose headers { server: 'CouchDB/1.5.0 (Erlang OTP/R16B03)',
24 verbose headers   etag: '"CQ9FN2U0VRUS0A7BZSK3G8P5W"',
24 verbose headers   'content-type': 'application/json',
24 verbose headers   'content-encoding': 'gzip',
24 verbose headers   'cache-control': 'max-age=300',
24 verbose headers   'content-length': '6099',
24 verbose headers   'accept-ranges': 'bytes',
24 verbose headers   date: 'Fri, 16 Sep 2016 04:23:19 GMT',
24 verbose headers   via: '1.1 varnish',
24 verbose headers   age: '0',
24 verbose headers   connection: 'keep-alive',
24 verbose headers   'x-served-by': 'cache-mia1323-MIA',
24 verbose headers   'x-cache': 'MISS',
24 verbose headers   'x-cache-hits': '0',
24 verbose headers   'x-timer': 'S1473999799.631889,VS0,VE188',
24 verbose headers   vary: 'Accept-Encoding' }
25 silly get cb [ 200,
25 silly get   { server: 'CouchDB/1.5.0 (Erlang OTP/R16B03)',
25 silly get     etag: '"CQ9FN2U0VRUS0A7BZSK3G8P5W"',
25 silly get     'content-type': 'application/json',
25 silly get     'content-encoding': 'gzip',
25 silly get     'cache-control': 'max-age=300',
25 silly get     'content-length': '6099',
25 silly get     'accept-ranges': 'bytes',
25 silly get     date: 'Fri, 16 Sep 2016 04:23:19 GMT',
25 silly get     via: '1.1 varnish',
25 silly get     age: '0',
25 silly get     connection: 'keep-alive',
25 silly get     'x-served-by': 'cache-mia1323-MIA',
25 silly get     'x-cache': 'MISS',
25 silly get     'x-cache-hits': '0',
25 silly get     'x-timer': 'S1473999799.631889,VS0,VE188',
25 silly get     vary: 'Accept-Encoding' } ]
26 verbose get saving gulp-cli to /home/sam/.npm/registry.npmjs.org/gulp-cli/.cache.json
27 verbose correctMkdir /home/sam/.npm correctMkdir not in flight; initializing
28 silly addNameTag next cb for gulp-cli with tag latest
29 silly addNamed gulp-cli@1.2.2
30 verbose addNamed "1.2.2" is a plain semver version for gulp-cli
31 silly mapToRegistry name gulp-cli
32 silly mapToRegistry using default registry
33 silly mapToRegistry registry https://registry.npmjs.org/
34 silly mapToRegistry data Result {
34 silly mapToRegistry   raw: 'gulp-cli',
34 silly mapToRegistry   scope: null,
34 silly mapToRegistry   name: 'gulp-cli',
34 silly mapToRegistry   rawSpec: '',
34 silly mapToRegistry   spec: 'latest',
34 silly mapToRegistry   type: 'tag' }
35 silly mapToRegistry uri https://registry.npmjs.org/gulp-cli
36 verbose addRemoteTarball https://registry.npmjs.org/gulp-cli/-/gulp-cli-1.2.2.tgz not in flight; adding
37 verbose addRemoteTarball [ 'https://registry.npmjs.org/gulp-cli/-/gulp-cli-1.2.2.tgz',
37 verbose addRemoteTarball   '7392def6316c6e7939a4f296f3f540151ae3a275' ]
38 info retry fetch attempt 1 at 23:23:20
39 info attempt registry request try #1 at 23:23:20
40 http fetch GET https://registry.npmjs.org/gulp-cli/-/gulp-cli-1.2.2.tgz
41 http fetch 200 https://registry.npmjs.org/gulp-cli/-/gulp-cli-1.2.2.tgz
42 silly fetchAndShaCheck shasum 7392def6316c6e7939a4f296f3f540151ae3a275
43 verbose addTmpTarball /tmp/npm-13129-2e4b0a80/registry.npmjs.org/gulp-cli/-/gulp-cli-1.2.2.tgz not in flight; adding
44 verbose addTmpTarball already have metadata; skipping unpack for gulp-cli@1.2.2
45 verbose correctMkdir /home/sam/.npm correctMkdir not in flight; initializing
46 silly cache afterAdd gulp-cli@1.2.2
47 verbose afterAdd /home/sam/.npm/gulp-cli/1.2.2/package/package.json not in flight; writing
48 verbose correctMkdir /home/sam/.npm correctMkdir not in flight; initializing
49 verbose afterAdd /home/sam/.npm/gulp-cli/1.2.2/package/package.json written
50 silly install resolved [ { name: 'gulp-cli',
50 silly install resolved     version: '1.2.2',
50 silly install resolved     description: 'Command line interface for gulp',
50 silly install resolved     author:
50 silly install resolved      { name: 'Gulp Team',
50 silly install resolved        email: 'team@gulpjs.com',
50 silly install resolved        url: 'http://gulpjs.com/' },
50 silly install resolved     contributors: [],
50 silly install resolved     homepage: 'http://gulpjs.com',
50 silly install resolved     repository:
50 silly install resolved      { type: 'git',
50 silly install resolved        url: 'git+https://github.com/gulpjs/gulp-cli.git' },
50 silly install resolved     license: 'MIT',
50 silly install resolved     man: [ 'gulp.1' ],
50 silly install resolved     engines: { node: '>= 0.10' },
50 silly install resolved     main: 'index.js',
50 silly install resolved     bin: { gulp: 'bin/gulp.js' },
50 silly install resolved     files: [ 'index.js', 'lib', 'bin', 'completion', 'gulp.1' ],
50 silly install resolved     scripts:
50 silly install resolved      { coveralls: 'lab -r lcov | coveralls',
50 silly install resolved        lint: 'eslint . && jscs index.js bin/ lib/ test/',
50 silly install resolved        prepublish: 'marked-man --name gulp docs/CLI.md > gulp.1',
50 silly install resolved        pretest: 'npm run lint',
50 silly install resolved        test: 'lab test/*.js -cv -I Reflect',
50 silly install resolved        changelog: 'github-changes -o gulpjs -r gulp-cli -b master -f ./CHANGELOG.md --order-semver --use-commit-body' },
50 silly install resolved     dependencies:
50 silly install resolved      { archy: '^1.0.0',
50 silly install resolved        chalk: '^1.1.0',
50 silly install resolved        'fancy-log': '^1.1.0',
50 silly install resolved        gulplog: '^1.0.0',
50 silly install resolved        interpret: '^1.0.0',
50 silly install resolved        liftoff: '^2.1.0',
50 silly install resolved        'lodash.isfunction': '^3.0.8',
50 silly install resolved        'lodash.isplainobject': '^4.0.4',
50 silly install resolved        'lodash.isstring': '^4.0.1',
50 silly install resolved        'lodash.sortby': '^4.5.0',
50 silly install resolved        matchdep: '^1.0.0',
50 silly install resolved        'mute-stdout': '^1.0.0',
50 silly install resolved        'pretty-hrtime': '^1.0.0',
50 silly install resolved        'semver-greatest-satisfied-range': '^1.0.0',
50 silly install resolved        tildify: '^1.0.0',
50 silly install resolved        v8flags: '^2.0.9',
50 silly install resolved        wreck: '^6.3.0',
50 silly install resolved        yargs: '^3.28.0' },
50 silly install resolved     devDependencies:
50 silly install resolved      { 'babel-preset-es2015': '^6.5.0',
50 silly install resolved        'babel-register': '^6.5.1',
50 silly install resolved        code: '^1.2.1',
50 silly install resolved        coveralls: '^2.7.0',
50 silly install resolved        eslint: '^1.7.3',
50 silly install resolved        'eslint-config-gulp': '^2.0.0',
50 silly install resolved        'fs-extra': '^0.26.1',
50 silly install resolved        'github-changes': '^1.0.1',
50 silly install resolved        gulp: 'github:gulpjs/gulp#4.0',
50 silly install resolved        jscs: '^2.3.5',
50 silly install resolved        'jscs-preset-gulp': '^1.0.0',
50 silly install resolved        lab: '^6.2.0',
50 silly install resolved        'marked-man': '^0.1.3' },
50 silly install resolved     keywords: [ 'build', 'stream', 'system', 'make', 'tool', 'asset', 'pipeline' ],
50 silly install resolved     gitHead: '51b301a043bd5617465fbb73ced86bf2c35a1924',
50 silly install resolved     bugs: { url: 'https://github.com/gulpjs/gulp-cli/issues' },
50 silly install resolved     _id: 'gulp-cli@1.2.2',
50 silly install resolved     _shasum: '7392def6316c6e7939a4f296f3f540151ae3a275',
50 silly install resolved     _from: 'gulp-cli@latest',
50 silly install resolved     _npmVersion: '2.15.2',
50 silly install resolved     _nodeVersion: '0.10.41',
50 silly install resolved     _npmUser: { name: 'phated', email: 'blaine.bublitz@gmail.com' },
50 silly install resolved     maintainers: [ [Object], [Object], [Object] ],
50 silly install resolved     dist:
50 silly install resolved      { shasum: '7392def6316c6e7939a4f296f3f540151ae3a275',
50 silly install resolved        tarball: 'https://registry.npmjs.org/gulp-cli/-/gulp-cli-1.2.2.tgz' },
50 silly install resolved     _npmOperationalInternal:
50 silly install resolved      { host: 'packages-16-east.internal.npmjs.com',
50 silly install resolved        tmp: 'tmp/gulp-cli-1.2.2.tgz_1468605495802_0.5796305062249303' },
50 silly install resolved     directories: {},
50 silly install resolved     _resolved: 'https://registry.npmjs.org/gulp-cli/-/gulp-cli-1.2.2.tgz' } ]
51 info install gulp-cli@1.2.2 into /usr/lib
52 info installOne gulp-cli@1.2.2
53 verbose installOne of gulp-cli to /usr/lib not in flight; installing
54 verbose correctMkdir /home/sam/.npm/_locks correctMkdir not in flight; initializing
55 verbose lock using /home/sam/.npm/_locks/gulp-cli-250b6426d151cee6.lock for /usr/lib/node_modules/gulp-cli
56 silly install write writing gulp-cli 1.2.2 to /usr/lib/node_modules/gulp-cli
57 verbose unbuild lib/node_modules/gulp-cli
58 silly gentlyRm /usr/lib/node_modules/gulp-cli is being purged from base /usr
59 verbose gentlyRm don't care about contents; nuking /usr/lib/node_modules/gulp-cli
60 verbose tar unpack /home/sam/.npm/gulp-cli/1.2.2/package.tgz
61 verbose tar unpacking to /usr/lib/node_modules/gulp-cli
62 silly gentlyRm /usr/lib/node_modules/gulp-cli is being purged
63 verbose gentlyRm don't care about contents; nuking /usr/lib/node_modules/gulp-cli
64 silly gunzTarPerm modes [ '755', '644' ]
65 error tar.unpack untar error /home/sam/.npm/gulp-cli/1.2.2/package.tgz
66 verbose unlock done using /home/sam/.npm/_locks/gulp-cli-250b6426d151cee6.lock for /usr/lib/node_modules/gulp-cli
67 verbose fstream_path /usr/lib/node_modules/gulp-cli
68 verbose fstream_type Directory
69 verbose fstream_class DirWriter
70 verbose stack Error: EACCES: permission denied, mkdir '/usr/lib/node_modules/gulp-cli'
70 verbose stack     at Error (native)
71 verbose fstream_stack /usr/lib/node_modules/npm/node_modules.bundled/fstream/lib/dir-writer.js:35:25
71 verbose fstream_stack /usr/lib/node_modules/npm/node_modules.bundled/mkdirp/index.js:47:53
71 verbose fstream_stack FSReqWrap.oncomplete (fs.js:82:15)
72 verbose cwd /home/sam/Documentos/mono/PSG/seguimiento
73 error Linux 4.7.3-200.fc24.x86_64
74 error argv "/usr/bin/node" "/usr/bin/npm" "install" "--global" "gulp-cli"
75 error node v4.5.0
76 error npm  v2.15.9
77 error path /usr/lib/node_modules/gulp-cli
78 error code EACCES
79 error errno -13
80 error syscall mkdir
81 error Error: EACCES: permission denied, mkdir '/usr/lib/node_modules/gulp-cli'
81 error     at Error (native)
81 error  { [Error: EACCES: permission denied, mkdir '/usr/lib/node_modules/gulp-cli']
81 error   errno: -13,
81 error   code: 'EACCES',
81 error   syscall: 'mkdir',
81 error   path: '/usr/lib/node_modules/gulp-cli',
81 error   fstream_type: 'Directory',
81 error   fstream_path: '/usr/lib/node_modules/gulp-cli',
81 error   fstream_class: 'DirWriter',
81 error   fstream_stack:
81 error    [ '/usr/lib/node_modules/npm/node_modules.bundled/fstream/lib/dir-writer.js:35:25',
81 error      '/usr/lib/node_modules/npm/node_modules.bundled/mkdirp/index.js:47:53',
81 error      'FSReqWrap.oncomplete (fs.js:82:15)' ] }
82 error Please try running this command again as root/Administrator.
83 verbose exit [ -13, true ]
84 verbose unbuild lib/node_modules/gulp-cli
85 silly gentlyRm /usr/lib/node_modules/gulp-cli is being purged from base /usr
86 verbose gentlyRm don't care about contents; nuking /usr/lib/node_modules/gulp-cli
